<?xml version="1.0" encoding="UTF-8"?>
<coverage generated="1685192531540" clover="3.2.0">
  <project timestamp="1685192531541" name="All files">
    <metrics statements="73" coveredstatements="45" conditionals="12" coveredconditionals="3" methods="15" coveredmethods="9" elements="100" coveredelements="57" complexity="0" loc="73" ncloc="73" packages="3" files="6" classes="6"/>
    <package name="harvest505gardens">
      <metrics statements="0" coveredstatements="0" conditionals="0" coveredconditionals="0" methods="0" coveredmethods="0"/>
      <file name="Header.js" path="C:\Users\Peter\Desktop\School Books\All School Programs\Portfolio\Harvest505ReWrite\frontend\harvest505gardens\Header.js">
        <metrics statements="0" coveredstatements="0" conditionals="0" coveredconditionals="0" methods="0" coveredmethods="0"/>
      </file>
    </package>
    <package name="harvest505gardens.src">
      <metrics statements="27" coveredstatements="0" conditionals="6" coveredconditionals="0" methods="5" coveredmethods="0"/>
      <file name="App.vue" path="C:\Users\Peter\Desktop\School Books\All School Programs\Portfolio\Harvest505ReWrite\frontend\harvest505gardens\src\App.vue">
        <metrics statements="17" coveredstatements="0" conditionals="6" coveredconditionals="0" methods="3" coveredmethods="0"/>
        <line num="4" count="0" type="stmt"/>
        <line num="5" count="0" type="stmt"/>
        <line num="8" count="0" type="stmt"/>
        <line num="51" count="0" type="stmt"/>
        <line num="53" count="0" type="stmt"/>
        <line num="56" count="0" type="stmt"/>
        <line num="57" count="0" type="stmt"/>
        <line num="58" count="0" type="stmt"/>
        <line num="61" count="0" type="stmt"/>
        <line num="67" count="0" type="stmt"/>
        <line num="70" count="0" type="stmt"/>
        <line num="71" count="0" type="stmt"/>
        <line num="76" count="0" type="stmt"/>
        <line num="77" count="0" type="stmt"/>
        <line num="80" count="0" type="cond" truecount="0" falsecount="2"/>
        <line num="86" count="0" type="cond" truecount="0" falsecount="2"/>
        <line num="89" count="0" type="stmt"/>
      </file>
      <file name="worker-api.js" path="C:\Users\Peter\Desktop\School Books\All School Programs\Portfolio\Harvest505ReWrite\frontend\harvest505gardens\src\worker-api.js">
        <metrics statements="3" coveredstatements="0" conditionals="0" coveredconditionals="0" methods="0" coveredmethods="0"/>
        <line num="4" count="0" type="stmt"/>
        <line num="6" count="0" type="stmt"/>
        <line num="7" count="0" type="stmt"/>
      </file>
      <file name="worker.js" path="C:\Users\Peter\Desktop\School Books\All School Programs\Portfolio\Harvest505ReWrite\frontend\harvest505gardens\src\worker.js">
        <metrics statements="7" coveredstatements="0" conditionals="0" coveredconditionals="0" methods="2" coveredmethods="0"/>
        <line num="3" count="0" type="stmt"/>
        <line num="5" count="0" type="stmt"/>
        <line num="8" count="0" type="stmt"/>
        <line num="9" count="0" type="stmt"/>
        <line num="10" count="0" type="stmt"/>
        <line num="12" count="0" type="stmt"/>
        <line num="16" count="0" type="stmt"/>
      </file>
    </package>
    <package name="harvest505gardens.src.components.global.header">
      <metrics statements="46" coveredstatements="45" conditionals="6" coveredconditionals="3" methods="10" coveredmethods="9"/>
      <file name="Header.js" path="C:\Users\Peter\Desktop\School Books\All School Programs\Portfolio\Harvest505ReWrite\frontend\harvest505gardens\src\components\global\header\Header.js">
        <metrics statements="0" coveredstatements="0" conditionals="0" coveredconditionals="0" methods="0" coveredmethods="0"/>
      </file>
      <file name="HeaderComponent.vue" path="C:\Users\Peter\Desktop\School Books\All School Programs\Portfolio\Harvest505ReWrite\frontend\harvest505gardens\src\components\global\header\HeaderComponent.vue">
        <metrics statements="46" coveredstatements="45" conditionals="6" coveredconditionals="3" methods="10" coveredmethods="9"/>
        <line num="4" count="1" type="stmt"/>
        <line num="7" count="1" type="stmt"/>
        <line num="9" count="1" type="stmt"/>
        <line num="10" count="1" type="stmt"/>
        <line num="11" count="1" type="stmt"/>
        <line num="12" count="1" type="stmt"/>
        <line num="13" count="1" type="stmt"/>
        <line num="24" count="1" type="cond" truecount="1" falsecount="1"/>
        <line num="25" count="1" type="cond" truecount="2" falsecount="2"/>
        <line num="26" count="1" type="stmt"/>
        <line num="28" count="1" type="stmt"/>
        <line num="31" count="1" type="stmt"/>
        <line num="32" count="0" type="stmt"/>
        <line num="35" count="1" type="stmt"/>
        <line num="37" count="1" type="stmt"/>
        <line num="38" count="1" type="stmt"/>
        <line num="43" count="1" type="stmt"/>
        <line num="45" count="1" type="stmt"/>
        <line num="46" count="1" type="stmt"/>
        <line num="49" count="1" type="stmt"/>
        <line num="50" count="1" type="stmt"/>
        <line num="51" count="1" type="stmt"/>
        <line num="52" count="1" type="stmt"/>
        <line num="55" count="1" type="stmt"/>
        <line num="58" count="1" type="stmt"/>
        <line num="69" count="1" type="stmt"/>
        <line num="73" count="1" type="stmt"/>
        <line num="76" count="1" type="stmt"/>
        <line num="79" count="1" type="stmt"/>
        <line num="82" count="1" type="stmt"/>
        <line num="85" count="1" type="stmt"/>
        <line num="88" count="1" type="stmt"/>
        <line num="93" count="1" type="stmt"/>
        <line num="96" count="1" type="stmt"/>
        <line num="99" count="1" type="stmt"/>
        <line num="102" count="1" type="stmt"/>
        <line num="106" count="7" type="stmt"/>
        <line num="107" count="7" type="stmt"/>
        <line num="112" count="7" type="stmt"/>
        <line num="118" count="7" type="stmt"/>
        <line num="124" count="7" type="stmt"/>
        <line num="130" count="7" type="stmt"/>
        <line num="136" count="7" type="stmt"/>
        <line num="142" count="7" type="stmt"/>
        <line num="148" count="7" type="stmt"/>
        <line num="151" count="1" type="stmt"/>
      </file>
    </package>
  </project>
</coverage>
