{"C:\\Users\\Peter\\Desktop\\School Books\\All School Programs\\Portfolio\\Harvest505ReWrite\\frontend\\harvest505gardens\\Header.js": {"path":"C:\\Users\\Peter\\Desktop\\School Books\\All School Programs\\Portfolio\\Harvest505ReWrite\\frontend\\harvest505gardens\\Header.js","statementMap":{},"fnMap":{},"branchMap":{},"s":{},"f":{},"b":{},"_coverageSchema":"1a1c01bbd47fc00a2c39e90264f33305004495a9","hash":"0a87aad585be58acb31d78a9f35f7f95fcc8ab55"}
,"C:\\Users\\Peter\\Desktop\\School Books\\All School Programs\\Portfolio\\Harvest505ReWrite\\frontend\\harvest505gardens\\src\\App.vue": {"path":"C:\\Users\\Peter\\Desktop\\School Books\\All School Programs\\Portfolio\\Harvest505ReWrite\\frontend\\harvest505gardens\\src\\App.vue","statementMap":{"0":{"start":{"line":4,"column":29},"end":{"line":4,"column":219}},"1":{"start":{"line":5,"column":0},"end":{"line":7,"column":3}},"2":{"start":{"line":8,"column":0},"end":{"line":8,"column":25}},"3":{"start":{"line":51,"column":0},"end":{"line":51,"column":13}},"4":{"start":{"line":53,"column":0},"end":{"line":55,"column":3}},"5":{"start":{"line":56,"column":0},"end":{"line":56,"column":24}},"6":{"start":{"line":57,"column":11},"end":{"line":57,"column":25}},"7":{"start":{"line":58,"column":19},"end":{"line":60,"column":1}},"8":{"start":{"line":61,"column":32},"end":{"line":66,"column":99}},"9":{"start":{"line":67,"column":32},"end":{"line":69,"column":31}},"10":{"start":{"line":70,"column":32},"end":{"line":70,"column":105}},"11":{"start":{"line":71,"column":32},"end":{"line":73,"column":32}},"12":{"start":{"line":76,"column":37},"end":{"line":76,"column":82}},"13":{"start":{"line":77,"column":2},"end":{"line":88,"column":31}},"14":{"start":{"line":80,"column":63},"end":{"line":80,"column":84}},"15":{"start":{"line":86,"column":6},"end":{"line":86,"column":64}},"16":{"start":{"line":89,"column":2},"end":{"line":89,"column":49}}},"fnMap":{"0":{"name":"render","decl":{"start":{"line":75,"column":9},"end":{"line":75,"column":15}},"loc":{"start":{"line":75,"column":30},"end":{"line":89,"column":1}},"line":75},"1":{"name":"(anonymous_1)","decl":{"start":{"line":80,"column":53},"end":{"line":80,"column":54}},"loc":{"start":{"line":80,"column":63},"end":{"line":80,"column":84}},"line":80},"2":{"name":"(anonymous_2)","decl":{"start":{"line":85,"column":39},"end":{"line":85,"column":40}},"loc":{"start":{"line":85,"column":51},"end":{"line":87,"column":5}},"line":85}},"branchMap":{"0":{"loc":{"start":{"line":80,"column":27},"end":{"line":80,"column":85}},"type":"binary-expr","locations":[{"start":{"line":80,"column":27},"end":{"line":80,"column":36}},{"start":{"line":80,"column":41},"end":{"line":80,"column":84}}],"line":80},"1":{"loc":{"start":{"line":85,"column":13},"end":{"line":87,"column":6}},"type":"binary-expr","locations":[{"start":{"line":85,"column":13},"end":{"line":85,"column":22}},{"start":{"line":85,"column":27},"end":{"line":87,"column":5}}],"line":85},"2":{"loc":{"start":{"line":86,"column":13},"end":{"line":86,"column":63}},"type":"binary-expr","locations":[{"start":{"line":86,"column":13},"end":{"line":86,"column":29}},{"start":{"line":86,"column":33},"end":{"line":86,"column":63}}],"line":86}},"s":{"0":0,"1":0,"2":0,"3":0,"4":0,"5":0,"6":0,"7":0,"8":0,"9":0,"10":0,"11":0,"12":0,"13":0,"14":0,"15":0,"16":0},"f":{"0":0,"1":0,"2":0},"b":{"0":[0,0],"1":[0,0],"2":[0,0]},"inputSourceMap":{"0":"{","1":"\"","2":"v","3":"e","4":"r","5":"s","6":"i","7":"o","8":"n","9":"\"","10":":","11":"3","12":",","13":"\"","14":"s","15":"o","16":"u","17":"r","18":"c","19":"e","20":"s","21":"\"","22":":","23":"[","24":"\"","25":"C","26":":","27":"\\","28":"\\","29":"U","30":"s","31":"e","32":"r","33":"s","34":"\\","35":"\\","36":"P","37":"e","38":"t","39":"e","40":"r","41":"\\","42":"\\","43":"D","44":"e","45":"s","46":"k","47":"t","48":"o","49":"p","50":"\\","51":"\\","52":"S","53":"c","54":"h","55":"o","56":"o","57":"l","58":" ","59":"B","60":"o","61":"o","62":"k","63":"s","64":"\\","65":"\\","66":"A","67":"l","68":"l","69":" ","70":"S","71":"c","72":"h","73":"o","74":"o","75":"l","76":" ","77":"P","78":"r","79":"o","80":"g","81":"r","82":"a","83":"m","84":"s","85":"\\","86":"\\","87":"P","88":"o","89":"r","90":"t","91":"f","92":"o","93":"l","94":"i","95":"o","96":"\\","97":"\\","98":"H","99":"a","100":"r","101":"v","102":"e","103":"s","104":"t","105":"5","106":"0","107":"5","108":"R","109":"e","110":"W","111":"r","112":"i","113":"t","114":"e","115":"\\","116":"\\","117":"f","118":"r","119":"o","120":"n","121":"t","122":"e","123":"n","124":"d","125":"\\","126":"\\","127":"h","128":"a","129":"r","130":"v","131":"e","132":"s","133":"t","134":"5","135":"0","136":"5","137":"g","138":"a","139":"r","140":"d","141":"e","142":"n","143":"s","144":"\\","145":"\\","146":"s","147":"r","148":"c","149":"\\","150":"\\","151":"A","152":"p","153":"p","154":".","155":"v","156":"u","157":"e","158":"\"","159":"]","160":",","161":"\"","162":"n","163":"a","164":"m","165":"e","166":"s","167":"\"","168":":","169":"[","170":"]","171":",","172":"\"","173":"m","174":"a","175":"p","176":"p","177":"i","178":"n","179":"g","180":"s","181":"\"","182":":","183":"\"","184":";","185":";","186":";","187":";","188":";","189":";","190":";","191":";","192":"A","193":"A","194":"6","195":"B","196":"A","197":";","198":"A","199":"A","200":"A","201":"A","202":";","203":"A","204":"A","205":"A","206":"A","207":";","208":"A","209":"A","210":"C","211":"A","212":";","213":"A","214":"A","215":"A","216":"A","217":";","218":"A","219":"A","220":"A","221":"A","222":";","223":"A","224":"A","225":"A","226":"4","227":"E","228":";","229":"A","230":"A","231":"A","232":"A","233":",","234":"e","235":"A","236":"E","237":"7","238":"D","239":";","240":"E","241":"A","242":"C","243":"b","244":",","245":"I","246":"A","247":"A","248":"I","249":",","250":"E","251":"A","252":"A","253":"E","254":",","255":"K","256":"A","257":"A","258":"K","259":";","260":"E","261":"A","262":"C","263":"X","264":",","265":"U","266":"A","267":"A","268":"U","269":",","270":"E","271":"A","272":"A","273":"E","274":";","275":"I","276":"A","277":"C","278":"V","279":",","280":"e","281":"A","282":"A","283":"e","284":";","285":"I","286":"A","287":"A","288":"f","289":";","290":"I","291":"A","292":"A","293":"A","294":";","295":"I","296":"A","297":"A","298":"A","299":";","300":"I","301":"A","302":"A","303":"A","304":";","305":"E","306":"A","307":"C","308":"F","309":",","310":"C","311":"A","312":"A","313":"C","314":";","315":"E","316":"A","317":"C","318":"D","319":",","320":"I","321":"A","322":"A","323":"I","324":",","325":"G","326":"A","327":"A","328":"G","329":";","330":"I","331":"A","332":"C","333":"L","334":",","335":"O","336":"A","337":"A","338":"O","339":";","340":"M","341":"A","342":"C","343":"L","344":",","345":"O","346":"A","347":"A","348":"O","349":",","350":"E","351":"A","352":"A","353":"E","354":",","355":"E","356":"A","357":"A","358":"E","359":";","360":"M","361":"A","362":"C","363":"X","364":",","365":"I","366":"A","367":"A","368":"I","369":",","370":"E","371":"A","372":"A","373":"E","374":",","375":"I","376":"A","377":"A","378":"I","379":",","380":"I","381":"A","382":"A","383":"I","384":",","385":"C","386":"A","387":"A","388":"C","389":";","390":"I","391":"A","392":"C","393":"j","394":"B","395":",","396":"C","397":"A","398":"A","399":"C","400":";","401":"E","402":"A","403":"C","404":"H","405":",","406":"C","407":"A","408":"A","409":"C","410":";","411":"E","412":"A","413":"C","414":"D","415":",","416":"O","417":"A","418":"A","419":"O","420":",","421":"G","422":"A","423":"A","424":"G","425":";","426":"I","427":"A","428":"C","429":"R","430":",","431":"W","432":"A","433":"A","434":"W","435":",","436":"C","437":"A","438":"A","439":"C","440":",","441":"M","442":"A","443":"A","444":"M","445":";","446":"M","447":"A","448":"C","449":"h","450":"B","451":",","452":"I","453":"A","454":"A","455":"I","456":",","457":"C","458":"A","459":"A","460":"C","461":",","462":"I","463":"A","464":"A","465":"I","466":",","467":"G","468":"A","469":"A","470":"G","471":",","472":"I","473":"A","474":"A","475":"I","476":",","477":"I","478":"A","479":"A","480":"I","481":",","482":"C","483":"A","484":"A","485":"C","486":",","487":"C","488":"A","489":"A","490":"C","491":";","492":"I","493":"A","494":"C","495":"x","496":"B","497":",","498":"C","499":"A","500":"A","501":"C","502":",","503":"E","504":"A","505":"A","506":"E","507":",","508":"G","509":"A","510":"A","511":"G","512":",","513":"C","514":"A","515":"A","516":"C","517":";","518":"E","519":"A","520":"C","521":"T","522":",","523":"C","524":"A","525":"A","526":"C","527":";","528":"E","529":"A","530":"C","531":"D","532":",","533":"O","534":"A","535":"A","536":"O","537":",","538":"E","539":"A","540":"A","541":"E","542":";","543":"I","544":"A","545":"C","546":"P","547":",","548":"M","549":"A","550":"A","551":"M","552":",","553":"W","554":"A","555":"A","556":"W","557":",","558":"G","559":"A","560":"A","561":"G","562":";","563":"M","564":"A","565":"C","566":"n","567":"B","568":",","569":"M","570":"A","571":"A","572":"M","573":",","574":"M","575":"A","576":"A","577":"M","578":";","579":"M","580":"A","581":"A","582":"G","583":";","584":"M","585":"A","586":"A","587":"A","588":";","589":"M","590":"A","591":"A","592":"A","593":";","594":"M","595":"A","596":"A","597":"A","598":";","599":"M","600":"A","601":"A","602":"A","603":";","604":"M","605":"A","606":"A","607":"A","608":",","609":"U","610":"A","611":"A","612":"U","613":",","614":"E","615":"A","616":"A","617":"C","618":",","619":"C","620":"A","621":"A","622":"C","623":";","624":"M","625":"A","626":"C","627":"3","628":"B","629":",","630":"O","631":"A","632":"A","633":"O","634":",","635":"C","636":"A","637":"A","638":"C","639":",","640":"G","641":"A","642":"A","643":"G","644":",","645":"C","646":"A","647":"A","648":"C","649":",","650":"k","651":"B","652":"A","653":"A","654":"k","655":"B","656":",","657":"E","658":"A","659":"A","660":"E","661":",","662":"M","663":"A","664":"A","665":"M","666":",","667":"C","668":"A","669":"A","670":"C","671":";","672":"I","673":"A","674":"C","675":"x","676":"C","677":";","678":"E","679":"A","680":"E","681":"F","682":";","683":"A","684":"A","685":"C","686":"F","687":",","688":"C","689":"A","690":"A","691":"C","692":";","693":"A","694":"A","695":"A","696":"A","697":";","698":"A","699":"A","700":"A","701":"A","702":"\"","703":",","704":"\"","705":"f","706":"i","707":"l","708":"e","709":"\"","710":":","711":"\"","712":"C","713":":","714":"\\","715":"\\","716":"U","717":"s","718":"e","719":"r","720":"s","721":"\\","722":"\\","723":"P","724":"e","725":"t","726":"e","727":"r","728":"\\","729":"\\","730":"D","731":"e","732":"s","733":"k","734":"t","735":"o","736":"p","737":"\\","738":"\\","739":"S","740":"c","741":"h","742":"o","743":"o","744":"l","745":" ","746":"B","747":"o","748":"o","749":"k","750":"s","751":"\\","752":"\\","753":"A","754":"l","755":"l","756":" ","757":"S","758":"c","759":"h","760":"o","761":"o","762":"l","763":" ","764":"P","765":"r","766":"o","767":"g","768":"r","769":"a","770":"m","771":"s","772":"\\","773":"\\","774":"P","775":"o","776":"r","777":"t","778":"f","779":"o","780":"l","781":"i","782":"o","783":"\\","784":"\\","785":"H","786":"a","787":"r","788":"v","789":"e","790":"s","791":"t","792":"5","793":"0","794":"5","795":"R","796":"e","797":"W","798":"r","799":"i","800":"t","801":"e","802":"\\","803":"\\","804":"f","805":"r","806":"o","807":"n","808":"t","809":"e","810":"n","811":"d","812":"\\","813":"\\","814":"h","815":"a","816":"r","817":"v","818":"e","819":"s","820":"t","821":"5","822":"0","823":"5","824":"g","825":"a","826":"r","827":"d","828":"e","829":"n","830":"s","831":"\\","832":"\\","833":"s","834":"r","835":"c","836":"\\","837":"\\","838":"A","839":"p","840":"p","841":".","842":"v","843":"u","844":"e","845":"\"","846":",","847":"\"","848":"s","849":"o","850":"u","851":"r","852":"c","853":"e","854":"s","855":"C","856":"o","857":"n","858":"t","859":"e","860":"n","861":"t","862":"\"","863":":","864":"[","865":"\"","866":"<","867":"t","868":"e","869":"m","870":"p","871":"l","872":"a","873":"t","874":"e","875":">","876":"\\","877":"n","878":"<","879":"h","880":"t","881":"m","882":"l","883":" ","884":"l","885":"a","886":"n","887":"g","888":"=","889":"\\","890":"\"","891":"e","892":"n","893":"\\","894":"\"","895":">","896":"\\","897":"n","898":" ","899":" ","900":"<","901":"h","902":"e","903":"a","904":"d","905":">","906":"\\","907":"n","908":" ","909":" ","910":" ","911":" ","912":"<","913":"m","914":"e","915":"t","916":"a","917":" ","918":"c","919":"h","920":"a","921":"r","922":"s","923":"e","924":"t","925":"=","926":"\\","927":"\"","928":"U","929":"T","930":"F","931":"-","932":"8","933":"\\","934":"\"","935":">","936":"\\","937":"n","938":" ","939":" ","940":" ","941":" ","942":"<","943":"l","944":"i","945":"n","946":"k","947":" ","948":"r","949":"e","950":"l","951":"=","952":"\\","953":"\"","954":"s","955":"t","956":"y","957":"l","958":"e","959":"s","960":"h","961":"e","962":"e","963":"t","964":"\\","965":"\"","966":"\\","967":"n","968":" ","969":" ","970":" ","971":" ","972":" ","973":" ","974":" ","975":" ","976":" ","977":" ","978":"h","979":"r","980":"e","981":"f","982":"=","983":"\\","984":"\"","985":"h","986":"t","987":"t","988":"p","989":"s","990":":","991":"/","992":"/","993":"f","994":"o","995":"n","996":"t","997":"s","998":".","999":"g","1000":"o","1001":"o","1002":"g","1003":"l","1004":"e","1005":"a","1006":"p","1007":"i","1008":"s","1009":".","1010":"c","1011":"o","1012":"m","1013":"/","1014":"c","1015":"s","1016":"s","1017":"?","1018":"f","1019":"a","1020":"m","1021":"i","1022":"l","1023":"y","1024":"=","1025":"I","1026":"n","1027":"t","1028":"e","1029":"r","1030":"\\","1031":"\"","1032":">","1033":"\\","1034":"n","1035":" ","1036":" ","1037":" ","1038":" ","1039":"<","1040":"t","1041":"i","1042":"t","1043":"l","1044":"e","1045":">","1046":"Y","1047":"o","1048":"u","1049":"r","1050":" ","1051":"P","1052":"a","1053":"g","1054":"e","1055":" ","1056":"T","1057":"i","1058":"t","1059":"l","1060":"e","1061":"<","1062":"/","1063":"t","1064":"i","1065":"t","1066":"l","1067":"e","1068":">","1069":"\\","1070":"n","1071":" ","1072":" ","1073":"<","1074":"/","1075":"h","1076":"e","1077":"a","1078":"d","1079":">","1080":"\\","1081":"n","1082":" ","1083":" ","1084":"<","1085":"b","1086":"o","1087":"d","1088":"y","1089":">","1090":"\\","1091":"n","1092":" ","1093":" ","1094":" ","1095":" ","1096":" ","1097":"<","1098":"H","1099":"e","1100":"a","1101":"d","1102":"e","1103":"r","1104":"C","1105":"o","1106":"m","1107":"p","1108":"o","1109":"n","1110":"e","1111":"n","1112":"t","1113":">","1114":"<","1115":"/","1116":"H","1117":"e","1118":"a","1119":"d","1120":"e","1121":"r","1122":"C","1123":"o","1124":"m","1125":"p","1126":"o","1127":"n","1128":"e","1129":"n","1130":"t","1131":">","1132":"\\","1133":"n","1134":" ","1135":" ","1136":" ","1137":" ","1138":"<","1139":"m","1140":"a","1141":"i","1142":"n","1143":">","1144":"\\","1145":"n","1146":" ","1147":" ","1148":" ","1149":" ","1150":" ","1151":" ","1152":"<","1153":"h","1154":"1","1155":" ","1156":"c","1157":"l","1158":"a","1159":"s","1160":"s","1161":"=","1162":"\\","1163":"\"","1164":"s","1165":"r","1166":"-","1167":"o","1168":"n","1169":"l","1170":"y","1171":"\\","1172":"\"","1173":">","1174":"C","1175":"o","1176":"n","1177":"t","1178":"e","1179":"n","1180":"t","1181":"<","1182":"/","1183":"h","1184":"1","1185":">","1186":"\\","1187":"n","1188":" ","1189":" ","1190":" ","1191":" ","1192":" ","1193":" ","1194":"<","1195":"f","1196":"o","1197":"r","1198":"m","1199":">","1200":"\\","1201":"n","1202":" ","1203":" ","1204":" ","1205":" ","1206":" ","1207":" ","1208":" ","1209":" ","1210":"<","1211":"f","1212":"i","1213":"e","1214":"l","1215":"d","1216":"s","1217":"e","1218":"t","1219":">","1220":"\\","1221":"n","1222":" ","1223":" ","1224":" ","1225":" ","1226":" ","1227":" ","1228":" ","1229":" ","1230":" ","1231":" ","1232":"<","1233":"l","1234":"e","1235":"g","1236":"e","1237":"n","1238":"d","1239":">","1240":"M","1241":"e","1242":"s","1243":"s","1244":"a","1245":"g","1246":"e","1247":"<","1248":"/","1249":"l","1250":"e","1251":"g","1252":"e","1253":"n","1254":"d","1255":">","1256":"\\","1257":"n","1258":" ","1259":" ","1260":" ","1261":" ","1262":" ","1263":" ","1264":" ","1265":" ","1266":" ","1267":" ","1268":"<","1269":"d","1270":"i","1271":"v","1272":">","1273":"\\","1274":"n","1275":" ","1276":" ","1277":" ","1278":" ","1279":" ","1280":" ","1281":" ","1282":" ","1283":" ","1284":" ","1285":" ","1286":" ","1287":"<","1288":"l","1289":"a","1290":"b","1291":"e","1292":"l","1293":" ","1294":"f","1295":"o","1296":"r","1297":"=","1298":"\\","1299":"\"","1300":"m","1301":"e","1302":"s","1303":"s","1304":"a","1305":"g","1306":"e","1307":"\\","1308":"\"","1309":">","1310":"M","1311":"e","1312":"s","1313":"s","1314":"a","1315":"g","1316":"e","1317":":","1318":"<","1319":"/","1320":"l","1321":"a","1322":"b","1323":"e","1324":"l","1325":">","1326":"\\","1327":"n","1328":" ","1329":" ","1330":" ","1331":" ","1332":" ","1333":" ","1334":" ","1335":" ","1336":" ","1337":" ","1338":" ","1339":" ","1340":"<","1341":"i","1342":"n","1343":"p","1344":"u","1345":"t","1346":" ","1347":"t","1348":"y","1349":"p","1350":"e","1351":"=","1352":"\\","1353":"\"","1354":"t","1355":"e","1356":"x","1357":"t","1358":"\\","1359":"\"","1360":" ","1361":"i","1362":"d","1363":"=","1364":"\\","1365":"\"","1366":"m","1367":"e","1368":"s","1369":"s","1370":"a","1371":"g","1372":"e","1373":"\\","1374":"\"","1375":" ","1376":"v","1377":"-","1378":"m","1379":"o","1380":"d","1381":"e","1382":"l","1383":"=","1384":"\\","1385":"\"","1386":"m","1387":"e","1388":"s","1389":"s","1390":"a","1391":"g","1392":"e","1393":"\\","1394":"\"","1395":" ","1396":"a","1397":"r","1398":"i","1399":"a","1400":"-","1401":"l","1402":"a","1403":"b","1404":"e","1405":"l","1406":"=","1407":"\\","1408":"\"","1409":"M","1410":"e","1411":"s","1412":"s","1413":"a","1414":"g","1415":"e","1416":"\\","1417":"\"","1418":" ","1419":"t","1420":"i","1421":"t","1422":"l","1423":"e","1424":"=","1425":"\\","1426":"\"","1427":"E","1428":"n","1429":"t","1430":"e","1431":"r","1432":" ","1433":"y","1434":"o","1435":"u","1436":"r","1437":" ","1438":"m","1439":"e","1440":"s","1441":"s","1442":"a","1443":"g","1444":"e","1445":"\\","1446":"\"","1447":">","1448":"\\","1449":"n","1450":" ","1451":" ","1452":" ","1453":" ","1454":" ","1455":" ","1456":" ","1457":" ","1458":" ","1459":" ","1460":"<","1461":"/","1462":"d","1463":"i","1464":"v","1465":">","1466":"\\","1467":"n","1468":" ","1469":" ","1470":" ","1471":" ","1472":" ","1473":" ","1474":" ","1475":" ","1476":" ","1477":" ","1478":"<","1479":"b","1480":"u","1481":"t","1482":"t","1483":"o","1484":"n","1485":" ","1486":"t","1487":"y","1488":"p","1489":"e","1490":"=","1491":"\\","1492":"\"","1493":"b","1494":"u","1495":"t","1496":"t","1497":"o","1498":"n","1499":"\\","1500":"\"","1501":" ","1502":"@","1503":"c","1504":"l","1505":"i","1506":"c","1507":"k","1508":"=","1509":"\\","1510":"\"","1511":"p","1512":"o","1513":"s","1514":"t","1515":"M","1516":"e","1517":"s","1518":"s","1519":"a","1520":"g","1521":"e","1522":"\\","1523":"\"","1524":">","1525":"S","1526":"e","1527":"n","1528":"d","1529":" ","1530":"M","1531":"e","1532":"s","1533":"s","1534":"a","1535":"g","1536":"e","1537":"<","1538":"/","1539":"b","1540":"u","1541":"t","1542":"t","1543":"o","1544":"n","1545":">","1546":"\\","1547":"n","1548":" ","1549":" ","1550":" ","1551":" ","1552":" ","1553":" ","1554":" ","1555":" ","1556":"<","1557":"/","1558":"f","1559":"i","1560":"e","1561":"l","1562":"d","1563":"s","1564":"e","1565":"t","1566":">","1567":"\\","1568":"n","1569":" ","1570":" ","1571":" ","1572":" ","1573":" ","1574":" ","1575":"<","1576":"/","1577":"f","1578":"o","1579":"r","1580":"m","1581":">","1582":"\\","1583":"n","1584":" ","1585":" ","1586":" ","1587":" ","1588":"<","1589":"/","1590":"m","1591":"a","1592":"i","1593":"n","1594":">","1595":"\\","1596":"n","1597":" ","1598":" ","1599":"<","1600":"/","1601":"b","1602":"o","1603":"d","1604":"y","1605":">","1606":"\\","1607":"n","1608":"<","1609":"/","1610":"h","1611":"t","1612":"m","1613":"l","1614":">","1615":"\\","1616":"n","1617":"<","1618":"/","1619":"t","1620":"e","1621":"m","1622":"p","1623":"l","1624":"a","1625":"t","1626":"e","1627":">","1628":"\\","1629":"n","1630":"\\","1631":"n","1632":"<","1633":"s","1634":"c","1635":"r","1636":"i","1637":"p","1638":"t","1639":">","1640":"\\","1641":"n","1642":"\\","1643":"n","1644":"i","1645":"m","1646":"p","1647":"o","1648":"r","1649":"t","1650":" ","1651":"{","1652":" ","1653":"d","1654":"o","1655":"H","1656":"a","1657":"r","1658":"d","1659":"W","1660":"o","1661":"r","1662":"k","1663":" ","1664":"}","1665":" ","1666":"f","1667":"r","1668":"o","1669":"m","1670":" ","1671":"'","1672":".","1673":"/","1674":"u","1675":"t","1676":"i","1677":"l","1678":"/","1679":"w","1680":"o","1681":"r","1682":"k","1683":"e","1684":"r","1685":"-","1686":"a","1687":"p","1688":"i","1689":"'","1690":"\\","1691":"n","1692":"i","1693":"m","1694":"p","1695":"o","1696":"r","1697":"t","1698":" ","1699":"H","1700":"e","1701":"a","1702":"d","1703":"e","1704":"r","1705":"C","1706":"o","1707":"m","1708":"p","1709":"o","1710":"n","1711":"e","1712":"n","1713":"t","1714":" ","1715":"f","1716":"r","1717":"o","1718":"m","1719":" ","1720":"'","1721":".","1722":"/","1723":"c","1724":"o","1725":"m","1726":"p","1727":"o","1728":"n","1729":"e","1730":"n","1731":"t","1732":"s","1733":"/","1734":"g","1735":"l","1736":"o","1737":"b","1738":"a","1739":"l","1740":"/","1741":"h","1742":"e","1743":"a","1744":"d","1745":"e","1746":"r","1747":"/","1748":"H","1749":"e","1750":"a","1751":"d","1752":"e","1753":"r","1754":"C","1755":"o","1756":"m","1757":"p","1758":"o","1759":"n","1760":"e","1761":"n","1762":"t","1763":".","1764":"v","1765":"u","1766":"e","1767":"'","1768":"\\","1769":"n","1770":"\\","1771":"n","1772":"e","1773":"x","1774":"p","1775":"o","1776":"r","1777":"t","1778":" ","1779":"d","1780":"e","1781":"f","1782":"a","1783":"u","1784":"l","1785":"t","1786":" ","1787":"{","1788":"\\","1789":"n","1790":" ","1791":" ","1792":"n","1793":"a","1794":"m","1795":"e","1796":":","1797":" ","1798":"'","1799":"A","1800":"p","1801":"p","1802":"'","1803":",","1804":"\\","1805":"n","1806":" ","1807":" ","1808":"c","1809":"o","1810":"m","1811":"p","1812":"o","1813":"n","1814":"e","1815":"n","1816":"t","1817":"s","1818":":","1819":" ","1820":"{","1821":"\\","1822":"n","1823":" ","1824":" ","1825":" ","1826":" ","1827":"H","1828":"e","1829":"a","1830":"d","1831":"e","1832":"r","1833":"C","1834":"o","1835":"m","1836":"p","1837":"o","1838":"n","1839":"e","1840":"n","1841":"t","1842":"\\","1843":"n","1844":" ","1845":" ","1846":"}","1847":",","1848":"\\","1849":"n","1850":" ","1851":" ","1852":"d","1853":"a","1854":"t","1855":"a","1856":"(","1857":")","1858":" ","1859":"{","1860":"\\","1861":"n","1862":" ","1863":" ","1864":" ","1865":" ","1866":"r","1867":"e","1868":"t","1869":"u","1870":"r","1871":"n","1872":" ","1873":"{","1874":"\\","1875":"n","1876":" ","1877":" ","1878":" ","1879":" ","1880":" ","1881":" ","1882":"m","1883":"e","1884":"s","1885":"s","1886":"a","1887":"g","1888":"e","1889":":","1890":" ","1891":"\\","1892":"\"","1893":"\\","1894":"\"","1895":",","1896":"\\","1897":"n","1898":" ","1899":" ","1900":" ","1901":" ","1902":" ","1903":" ","1904":"t","1905":"i","1906":"m","1907":"e","1908":":","1909":" ","1910":"n","1911":"e","1912":"w","1913":" ","1914":"D","1915":"a","1916":"t","1917":"e","1918":"(","1919":")","1920":"\\","1921":"n","1922":" ","1923":" ","1924":" ","1925":" ","1926":"}","1927":"\\","1928":"n","1929":" ","1930":" ","1931":"}","1932":",","1933":"\\","1934":"n","1935":" ","1936":" ","1937":"m","1938":"o","1939":"u","1940":"n","1941":"t","1942":"e","1943":"d","1944":"(","1945":")","1946":" ","1947":"{","1948":"\\","1949":"n","1950":" ","1951":" ","1952":" ","1953":" ","1954":"s","1955":"e","1956":"t","1957":"I","1958":"n","1959":"t","1960":"e","1961":"r","1962":"v","1963":"a","1964":"l","1965":"(","1966":"(","1967":")","1968":" ","1969":"=","1970":">","1971":" ","1972":"{","1973":"\\","1974":"n","1975":" ","1976":" ","1977":" ","1978":" ","1979":" ","1980":" ","1981":"t","1982":"h","1983":"i","1984":"s","1985":".","1986":"t","1987":"i","1988":"m","1989":"e","1990":" ","1991":"=","1992":" ","1993":"n","1994":"e","1995":"w","1996":" ","1997":"D","1998":"a","1999":"t","2000":"e","2001":"(","2002":")","2003":";","2004":"\\","2005":"n","2006":" ","2007":" ","2008":" ","2009":" ","2010":"}","2011":",","2012":" ","2013":"3","2014":"0","2015":"0","2016":")","2017":"\\","2018":"n","2019":" ","2020":" ","2021":"}","2022":",","2023":"\\","2024":"n","2025":" ","2026":" ","2027":"m","2028":"e","2029":"t","2030":"h","2031":"o","2032":"d","2033":"s","2034":":","2035":" ","2036":"{","2037":"\\","2038":"n","2039":" ","2040":" ","2041":" ","2042":" ","2043":"a","2044":"s","2045":"y","2046":"n","2047":"c","2048":" ","2049":"p","2050":"o","2051":"s","2052":"t","2053":"M","2054":"e","2055":"s","2056":"s","2057":"a","2058":"g","2059":"e","2060":"(","2061":")","2062":" ","2063":"{","2064":"\\","2065":"n","2066":" ","2067":" ","2068":" ","2069":" ","2070":" ","2071":"c","2072":"o","2073":"n","2074":"s","2075":"t","2076":" ","2077":"r","2078":"e","2079":"s","2080":"u","2081":"l","2082":"t","2083":" ","2084":"=","2085":" ","2086":"d","2087":"o","2088":"H","2089":"a","2090":"r","2091":"d","2092":"W","2093":"o","2094":"r","2095":"k","2096":"(","2097":")","2098":"\\","2099":"n","2100":" ","2101":" ","2102":" ","2103":" ","2104":" ","2105":"c","2106":"o","2107":"n","2108":"s","2109":"o","2110":"l","2111":"e","2112":".","2113":"l","2114":"o","2115":"g","2116":"(","2117":"'","2118":"u","2119":"p","2120":"p","2121":"e","2122":"r","2123":"c","2124":"a","2125":"s","2126":"e","2127":" ","2128":"r","2129":"e","2130":"s","2131":"u","2132":"l","2133":"t","2134":"'","2135":",","2136":" ","2137":"r","2138":"e","2139":"s","2140":"u","2141":"l","2142":"t","2143":")","2144":"\\","2145":"n","2146":" ","2147":" ","2148":" ","2149":" ","2150":"}","2151":",","2152":"\\","2153":"n","2154":"\\","2155":"n","2156":" ","2157":" ","2158":"}","2159":"\\","2160":"n","2161":"}","2162":"\\","2163":"n","2164":"<","2165":"/","2166":"s","2167":"c","2168":"r","2169":"i","2170":"p","2171":"t","2172":">","2173":"\\","2174":"n","2175":"\\","2176":"n","2177":"<","2178":"s","2179":"t","2180":"y","2181":"l","2182":"e","2183":">","2184":"\\","2185":"n","2186":"#","2187":"a","2188":"p","2189":"p","2190":" ","2191":"{","2192":"\\","2193":"n","2194":" ","2195":" ","2196":"f","2197":"o","2198":"n","2199":"t","2200":"-","2201":"f","2202":"a","2203":"m","2204":"i","2205":"l","2206":"y","2207":":","2208":" ","2209":"A","2210":"v","2211":"e","2212":"n","2213":"i","2214":"r","2215":",","2216":" ","2217":"H","2218":"e","2219":"l","2220":"v","2221":"e","2222":"t","2223":"i","2224":"c","2225":"a","2226":",","2227":" ","2228":"A","2229":"r","2230":"i","2231":"a","2232":"l","2233":",","2234":" ","2235":"s","2236":"a","2237":"n","2238":"s","2239":"-","2240":"s","2241":"e","2242":"r","2243":"i","2244":"f","2245":";","2246":"\\","2247":"n","2248":" ","2249":" ","2250":"-","2251":"w","2252":"e","2253":"b","2254":"k","2255":"i","2256":"t","2257":"-","2258":"f","2259":"o","2260":"n","2261":"t","2262":"-","2263":"s","2264":"m","2265":"o","2266":"o","2267":"t","2268":"h","2269":"i","2270":"n","2271":"g","2272":":","2273":" ","2274":"a","2275":"n","2276":"t","2277":"i","2278":"a","2279":"l","2280":"i","2281":"a","2282":"s","2283":"e","2284":"d","2285":";","2286":"\\","2287":"n","2288":" ","2289":" ","2290":"-","2291":"m","2292":"o","2293":"z","2294":"-","2295":"o","2296":"s","2297":"x","2298":"-","2299":"f","2300":"o","2301":"n","2302":"t","2303":"-","2304":"s","2305":"m","2306":"o","2307":"o","2308":"t","2309":"h","2310":"i","2311":"n","2312":"g","2313":":","2314":" ","2315":"g","2316":"r","2317":"a","2318":"y","2319":"s","2320":"c","2321":"a","2322":"l","2323":"e","2324":";","2325":"\\","2326":"n","2327":" ","2328":" ","2329":"t","2330":"e","2331":"x","2332":"t","2333":"-","2334":"a","2335":"l","2336":"i","2337":"g","2338":"n","2339":":","2340":" ","2341":"c","2342":"e","2343":"n","2344":"t","2345":"e","2346":"r","2347":";","2348":"\\","2349":"n","2350":" ","2351":" ","2352":"c","2353":"o","2354":"l","2355":"o","2356":"r","2357":":","2358":" ","2359":"#","2360":"2","2361":"c","2362":"3","2363":"e","2364":"5","2365":"0","2366":";","2367":"\\","2368":"n","2369":"}","2370":"\\","2371":"n","2372":"<","2373":"/","2374":"s","2375":"t","2376":"y","2377":"l","2378":"e","2379":">","2380":"\\","2381":"n","2382":"\"","2383":"]","2384":"}"}}
,"C:\\Users\\Peter\\Desktop\\School Books\\All School Programs\\Portfolio\\Harvest505ReWrite\\frontend\\harvest505gardens\\src\\components\\global\\header\\Header.js": {"path":"C:\\Users\\Peter\\Desktop\\School Books\\All School Programs\\Portfolio\\Harvest505ReWrite\\frontend\\harvest505gardens\\src\\components\\global\\header\\Header.js","statementMap":{},"fnMap":{},"branchMap":{},"s":{},"f":{},"b":{}}
,"C:\\Users\\Peter\\Desktop\\School Books\\All School Programs\\Portfolio\\Harvest505ReWrite\\frontend\\harvest505gardens\\src\\components\\global\\header\\HeaderComponent.vue": {"path":"C:\\Users\\Peter\\Desktop\\School Books\\All School Programs\\Portfolio\\Harvest505ReWrite\\frontend\\harvest505gardens\\src\\components\\global\\header\\HeaderComponent.vue","statementMap":{"0":{"start":{"line":4,"column":0},"end":{"line":6,"column":3}},"1":{"start":{"line":7,"column":0},"end":{"line":7,"column":25}},"2":{"start":{"line":9,"column":13},"end":{"line":9,"column":145}},"3":{"start":{"line":10,"column":13},"end":{"line":10,"column":55}},"4":{"start":{"line":11,"column":15},"end":{"line":11,"column":44}},"5":{"start":{"line":12,"column":12},"end":{"line":12,"column":26}},"6":{"start":{"line":13,"column":21},"end":{"line":23,"column":3}},"7":{"start":{"line":24,"column":17},"end":{"line":24,"column":50}},"8":{"start":{"line":25,"column":2},"end":{"line":27,"column":3}},"9":{"start":{"line":26,"column":4},"end":{"line":26,"column":34}},"10":{"start":{"line":28,"column":23},"end":{"line":28,"column":37}},"11":{"start":{"line":31,"column":4},"end":{"line":33,"column":6}},"12":{"start":{"line":32,"column":6},"end":{"line":32,"column":28}},"13":{"start":{"line":35,"column":2},"end":{"line":35,"column":24}},"14":{"start":{"line":37,"column":0},"end":{"line":37,"column":17}},"15":{"start":{"line":38,"column":15},"end":{"line":40,"column":1}},"16":{"start":{"line":43,"column":0},"end":{"line":43,"column":13}},"17":{"start":{"line":45,"column":29},"end":{"line":45,"column":219}},"18":{"start":{"line":46,"column":0},"end":{"line":48,"column":3}},"19":{"start":{"line":49,"column":0},"end":{"line":49,"column":24}},"20":{"start":{"line":50,"column":11},"end":{"line":50,"column":25}},"21":{"start":{"line":51,"column":12},"end":{"line":51,"column":64}},"22":{"start":{"line":52,"column":19},"end":{"line":54,"column":1}},"23":{"start":{"line":55,"column":19},"end":{"line":57,"column":1}},"24":{"start":{"line":58,"column":32},"end":{"line":68,"column":22}},"25":{"start":{"line":69,"column":19},"end":{"line":72,"column":1}},"26":{"start":{"line":73,"column":19},"end":{"line":75,"column":1}},"27":{"start":{"line":76,"column":19},"end":{"line":78,"column":1}},"28":{"start":{"line":79,"column":19},"end":{"line":81,"column":1}},"29":{"start":{"line":82,"column":19},"end":{"line":84,"column":1}},"30":{"start":{"line":85,"column":19},"end":{"line":87,"column":1}},"31":{"start":{"line":88,"column":33},"end":{"line":92,"column":26}},"32":{"start":{"line":93,"column":20},"end":{"line":95,"column":1}},"33":{"start":{"line":96,"column":20},"end":{"line":98,"column":1}},"34":{"start":{"line":99,"column":20},"end":{"line":101,"column":1}},"35":{"start":{"line":102,"column":20},"end":{"line":104,"column":1}},"36":{"start":{"line":106,"column":33},"end":{"line":106,"column":74}},"37":{"start":{"line":107,"column":2},"end":{"line":150,"column":15}},"38":{"start":{"line":112,"column":37},"end":{"line":112,"column":72}},"39":{"start":{"line":118,"column":37},"end":{"line":118,"column":76}},"40":{"start":{"line":124,"column":37},"end":{"line":124,"column":75}},"41":{"start":{"line":130,"column":37},"end":{"line":130,"column":50}},"42":{"start":{"line":136,"column":37},"end":{"line":136,"column":73}},"43":{"start":{"line":142,"column":37},"end":{"line":142,"column":72}},"44":{"start":{"line":148,"column":37},"end":{"line":148,"column":77}},"45":{"start":{"line":151,"column":2},"end":{"line":151,"column":49}}},"fnMap":{"0":{"name":"cov_1uyutq43sa","decl":{"start":{"line":8,"column":9},"end":{"line":8,"column":23}},"loc":{"start":{"line":8,"column":26},"end":{"line":36,"column":1}},"line":8},"1":{"name":"(anonymous_1)","decl":{"start":{"line":31,"column":21},"end":{"line":31,"column":22}},"loc":{"start":{"line":31,"column":33},"end":{"line":33,"column":5}},"line":31},"2":{"name":"render","decl":{"start":{"line":105,"column":9},"end":{"line":105,"column":15}},"loc":{"start":{"line":105,"column":30},"end":{"line":151,"column":1}},"line":105},"3":{"name":"(anonymous_3)","decl":{"start":{"line":112,"column":31},"end":{"line":112,"column":32}},"loc":{"start":{"line":112,"column":37},"end":{"line":112,"column":72}},"line":112},"4":{"name":"(anonymous_4)","decl":{"start":{"line":118,"column":31},"end":{"line":118,"column":32}},"loc":{"start":{"line":118,"column":37},"end":{"line":118,"column":76}},"line":118},"5":{"name":"(anonymous_5)","decl":{"start":{"line":124,"column":31},"end":{"line":124,"column":32}},"loc":{"start":{"line":124,"column":37},"end":{"line":124,"column":75}},"line":124},"6":{"name":"(anonymous_6)","decl":{"start":{"line":130,"column":31},"end":{"line":130,"column":32}},"loc":{"start":{"line":130,"column":37},"end":{"line":130,"column":50}},"line":130},"7":{"name":"(anonymous_7)","decl":{"start":{"line":136,"column":31},"end":{"line":136,"column":32}},"loc":{"start":{"line":136,"column":37},"end":{"line":136,"column":73}},"line":136},"8":{"name":"(anonymous_8)","decl":{"start":{"line":142,"column":31},"end":{"line":142,"column":32}},"loc":{"start":{"line":142,"column":37},"end":{"line":142,"column":72}},"line":142},"9":{"name":"(anonymous_9)","decl":{"start":{"line":148,"column":31},"end":{"line":148,"column":32}},"loc":{"start":{"line":148,"column":37},"end":{"line":148,"column":77}},"line":148}},"branchMap":{"0":{"loc":{"start":{"line":24,"column":17},"end":{"line":24,"column":50}},"type":"binary-expr","locations":[{"start":{"line":24,"column":17},"end":{"line":24,"column":28}},{"start":{"line":24,"column":33},"end":{"line":24,"column":49}}],"line":24},"1":{"loc":{"start":{"line":25,"column":2},"end":{"line":27,"column":3}},"type":"if","locations":[{"start":{"line":25,"column":2},"end":{"line":27,"column":3}},{"start":{},"end":{}}],"line":25},"2":{"loc":{"start":{"line":25,"column":6},"end":{"line":25,"column":53}},"type":"binary-expr","locations":[{"start":{"line":25,"column":6},"end":{"line":25,"column":21}},{"start":{"line":25,"column":25},"end":{"line":25,"column":53}}],"line":25}},"s":{"0":1,"1":1,"2":1,"3":1,"4":1,"5":1,"6":1,"7":1,"8":1,"9":1,"10":1,"11":1,"12":0,"13":1,"14":1,"15":1,"16":1,"17":1,"18":1,"19":1,"20":1,"21":1,"22":1,"23":1,"24":1,"25":1,"26":1,"27":1,"28":1,"29":1,"30":1,"31":1,"32":1,"33":1,"34":1,"35":1,"36":7,"37":7,"38":7,"39":7,"40":7,"41":7,"42":7,"43":7,"44":7,"45":1},"f":{"0":1,"1":0,"2":7,"3":7,"4":7,"5":7,"6":7,"7":7,"8":7,"9":7},"b":{"0":[1,0],"1":[1,0],"2":[1,0]},"inputSourceMap":{"0":"{","1":"\"","2":"v","3":"e","4":"r","5":"s","6":"i","7":"o","8":"n","9":"\"","10":":","11":"3","12":",","13":"\"","14":"s","15":"o","16":"u","17":"r","18":"c","19":"e","20":"s","21":"\"","22":":","23":"[","24":"\"","25":"H","26":"e","27":"a","28":"d","29":"e","30":"r","31":".","32":"j","33":"s","34":"\"","35":"]","36":",","37":"\"","38":"n","39":"a","40":"m","41":"e","42":"s","43":"\"","44":":","45":"[","46":"\"","47":"c","48":"o","49":"v","50":"_","51":"1","52":"u","53":"y","54":"u","55":"t","56":"q","57":"4","58":"3","59":"s","60":"a","61":"\"","62":",","63":"\"","64":"a","65":"c","66":"t","67":"u","68":"a","69":"l","70":"C","71":"o","72":"v","73":"e","74":"r","75":"a","76":"g","77":"e","78":"\"","79":",","80":"\"","81":"_","82":"d","83":"e","84":"f","85":"a","86":"u","87":"l","88":"t","89":"\"","90":",","91":"\"","92":"n","93":"a","94":"m","95":"e","96":"\"","97":",","98":"\"","99":"e","100":"x","101":"p","102":"o","103":"r","104":"t","105":"s","106":"\"","107":",","108":"\"","109":"d","110":"e","111":"f","112":"a","113":"u","114":"l","115":"t","116":"\"","117":"]","118":",","119":"\"","120":"m","121":"a","122":"p","123":"p","124":"i","125":"n","126":"g","127":"s","128":"\"","129":":","130":"\"","131":";","132":";","133":";","134":";","135":";","136":";","137":";","138":";","139":";","140":";","141":";","142":";","143":";","144":";","145":";","146":";","147":";","148":";","149":";","150":";","151":";","152":";","153":";","154":";","155":";","156":";","157":";","158":";","159":";","160":"I","161":"A","162":"e","163":"Y","164":";","165":"I","166":"A","167":"A","168":"A","169":"A","170":",","171":"c","172":"A","173":"A","174":"A","175":",","176":"Y","177":"A","178":"A","179":"A","180":"A","181":",","182":"C","183":"A","184":"A","185":"A","186":";","187":"M","188":"A","189":"A","190":"A","191":",","192":"O","193":"A","194":"A","195":"A","196":"C","197":",","198":"c","199":"A","200":"A","201":"A","202":";","203":"I","204":"A","205":"A","206":"A","207":";","208":"E","209":"A","210":"A","211":"A","212":";","213":"E","214":"A","215":"A","216":"A","217":",","218":"O","219":"A","220":"A","221":"A","222":"A","223":",","224":"c","225":"A","226":"A","227":"A","228":";","229":"A","230":"A","231":"A","232":"A","233":";","234":"A","235":"A","236":"A","237":"A","238":"D","239":",","240":"c","241":"A","242":"A","243":"A","244":";","245":"A","246":"A","247":"A","248":"A","249":",","250":"I","251":"A","252":"A","253":"A","254":"E","255":",","256":"Q","257":"A","258":"A","259":"A","260":",","261":"G","262":"A","263":"f","264":"G","265":";","266":"E","267":"A","268":"C","269":"X","270":"C","271":",","272":"I","273":"A","274":"A","275":"I","276":",","277":"E","278":"A","279":"A","280":"E","281":";","282":"A","283":"A","284":"C","285":"V","286":",","287":"C","288":"A","289":"A","290":"C","291":";","292":"A","293":"A","294":"A","295":"A","296":";","297":"A","298":"A","299":"A","300":"A","301":"C","302":",","303":"O","304":"A","305":"A","306":"A","307":",","308":"C","309":"A","310":"A","311":"A","312":"C","313":",","314":"O","315":"A","316":"A","317":"A","318":",","319":"G","320":"A","321":"A","322":"A","323":"H","324":",","325":"Q","326":"A","327":"A","328":"A","329":"\"","330":",","331":"\"","332":"f","333":"i","334":"l","335":"e","336":"\"","337":":","338":"\"","339":"C","340":":","341":"\\","342":"\\","343":"U","344":"s","345":"e","346":"r","347":"s","348":"\\","349":"\\","350":"P","351":"e","352":"t","353":"e","354":"r","355":"\\","356":"\\","357":"D","358":"e","359":"s","360":"k","361":"t","362":"o","363":"p","364":"\\","365":"\\","366":"S","367":"c","368":"h","369":"o","370":"o","371":"l","372":" ","373":"B","374":"o","375":"o","376":"k","377":"s","378":"\\","379":"\\","380":"A","381":"l","382":"l","383":" ","384":"S","385":"c","386":"h","387":"o","388":"o","389":"l","390":" ","391":"P","392":"r","393":"o","394":"g","395":"r","396":"a","397":"m","398":"s","399":"\\","400":"\\","401":"P","402":"o","403":"r","404":"t","405":"f","406":"o","407":"l","408":"i","409":"o","410":"\\","411":"\\","412":"H","413":"a","414":"r","415":"v","416":"e","417":"s","418":"t","419":"5","420":"0","421":"5","422":"R","423":"e","424":"W","425":"r","426":"i","427":"t","428":"e","429":"\\","430":"\\","431":"f","432":"r","433":"o","434":"n","435":"t","436":"e","437":"n","438":"d","439":"\\","440":"\\","441":"h","442":"a","443":"r","444":"v","445":"e","446":"s","447":"t","448":"5","449":"0","450":"5","451":"g","452":"a","453":"r","454":"d","455":"e","456":"n","457":"s","458":"\\","459":"\\","460":"s","461":"r","462":"c","463":"\\","464":"\\","465":"c","466":"o","467":"m","468":"p","469":"o","470":"n","471":"e","472":"n","473":"t","474":"s","475":"\\","476":"\\","477":"g","478":"l","479":"o","480":"b","481":"a","482":"l","483":"\\","484":"\\","485":"h","486":"e","487":"a","488":"d","489":"e","490":"r","491":"\\","492":"\\","493":"H","494":"e","495":"a","496":"d","497":"e","498":"r","499":"C","500":"o","501":"m","502":"p","503":"o","504":"n","505":"e","506":"n","507":"t","508":".","509":"v","510":"u","511":"e","512":"\"","513":",","514":"\"","515":"s","516":"o","517":"u","518":"r","519":"c","520":"e","521":"s","522":"C","523":"o","524":"n","525":"t","526":"e","527":"n","528":"t","529":"\"","530":":","531":"[","532":"\"","533":"e","534":"x","535":"p","536":"o","537":"r","538":"t","539":" ","540":"d","541":"e","542":"f","543":"a","544":"u","545":"l","546":"t","547":" ","548":"{","549":"\\","550":"r","551":"\\","552":"n","553":" ","554":" ","555":" ","556":" ","557":"n","558":"a","559":"m","560":"e","561":":","562":" ","563":"'","564":"H","565":"e","566":"a","567":"d","568":"e","569":"r","570":"C","571":"o","572":"m","573":"p","574":"o","575":"n","576":"e","577":"n","578":"t","579":"'","580":",","581":"\\","582":"r","583":"\\","584":"n","585":"}","586":";","587":"\"","588":"]","589":"}"},"_coverageSchema":"1a1c01bbd47fc00a2c39e90264f33305004495a9","hash":"321158be26a6996ed468ff0179cd36e62a46ee85"}
,"C:\\Users\\Peter\\Desktop\\School Books\\All School Programs\\Portfolio\\Harvest505ReWrite\\frontend\\harvest505gardens\\src\\util\\worker-api.js": {"path":"C:\\Users\\Peter\\Desktop\\School Books\\All School Programs\\Portfolio\\Harvest505ReWrite\\frontend\\harvest505gardens\\src\\util\\worker-api.js","statementMap":{"0":{"start":{"line":4,"column":15},"end":{"line":4,"column":41}},"1":{"start":{"line":6,"column":27},"end":{"line":6,"column":45}},"2":{"start":{"line":7,"column":26},"end":{"line":7,"column":43}}},"fnMap":{},"branchMap":{},"s":{"0":0,"1":0,"2":0},"f":{},"b":{}}
,"C:\\Users\\Peter\\Desktop\\School Books\\All School Programs\\Portfolio\\Harvest505ReWrite\\frontend\\harvest505gardens\\src\\util\\worker.js": {"path":"C:\\Users\\Peter\\Desktop\\School Books\\All School Programs\\Portfolio\\Harvest505ReWrite\\frontend\\harvest505gardens\\src\\util\\worker.js","statementMap":{"0":{"start":{"line":3,"column":12},"end":{"line":14,"column":1}},"1":{"start":{"line":5,"column":8},"end":{"line":5,"column":32}},"2":{"start":{"line":8,"column":16},"end":{"line":8,"column":17}},"3":{"start":{"line":9,"column":8},"end":{"line":11,"column":9}},"4":{"start":{"line":10,"column":12},"end":{"line":10,"column":15}},"5":{"start":{"line":12,"column":8},"end":{"line":12,"column":16}},"6":{"start":{"line":16,"column":0},"end":{"line":16,"column":19}}},"fnMap":{"0":{"name":"(anonymous_0)","decl":{"start":{"line":4,"column":4},"end":{"line":4,"column":5}},"loc":{"start":{"line":4,"column":21},"end":{"line":6,"column":5}},"line":4},"1":{"name":"(anonymous_1)","decl":{"start":{"line":7,"column":4},"end":{"line":7,"column":5}},"loc":{"start":{"line":7,"column":17},"end":{"line":13,"column":5}},"line":7}},"branchMap":{},"s":{"0":1,"1":0,"2":0,"3":0,"4":0,"5":0,"6":1},"f":{"0":0,"1":0},"b":{},"_coverageSchema":"1a1c01bbd47fc00a2c39e90264f33305004495a9","hash":"e8b69d5d2a6f07eac2a774c650c65604717a173d"}
}
